[INFO] Scanning for projects...
[INFO] 
[INFO] ------------------------< com.Jarvis:Debugify >-------------------------
[INFO] Building Debugify 0.0.1-SNAPSHOT
[INFO]   from pom.xml
[INFO] --------------------------------[ jar ]---------------------------------
[INFO] 
[INFO] >>> spring-boot:3.3.5:run (default-cli) > test-compile @ Debugify >>>
[INFO] 
[INFO] --- resources:3.3.1:resources (default-resources) @ Debugify ---
[INFO] Copying 1 resource from src/main/resources to target/classes
[INFO] Copying 0 resource from src/main/resources to target/classes
[INFO] 
[INFO] --- compiler:3.8.1:compile (default-compile) @ Debugify ---
[INFO] Nothing to compile - all classes are up to date
[INFO] 
[INFO] --- resources:3.3.1:testResources (default-testResources) @ Debugify ---
[INFO] skip non existing resourceDirectory /Users/akshayash/Desktop/Debugify-Java/Debugify/src/test/resources
[INFO] 
[INFO] --- compiler:3.8.1:testCompile (default-testCompile) @ Debugify ---
[INFO] No sources to compile
[INFO] 
[INFO] <<< spring-boot:3.3.5:run (default-cli) < test-compile @ Debugify <<<
[INFO] 
[INFO] 
[INFO] --- spring-boot:3.3.5:run (default-cli) @ Debugify ---
[INFO] Attaching agents: []

  .   ____          _            __ _ _
 /\\ / ___'_ __ _ _(_)_ __  __ _ \ \ \ \
( ( )\___ | '_ | '_| | '_ \/ _` | \ \ \ \
 \\/  ___)| |_)| | | | | || (_| |  ) ) ) )
  '  |____| .__|_| |_|_| |_\__, | / / / /
 =========|_|==============|___/=/_/_/_/

 :: Spring Boot ::                (v3.3.5)

2025-07-14T23:09:41.473+05:30  INFO 49360 --- [Debugify] [  restartedMain] com.debugify.api.DebugifyApplication     : Starting DebugifyApplication using Java 21.0.5 with PID 49360 (/Users/akshayash/Desktop/Debugify-Java/Debugify/target/classes started by akshayash in /Users/akshayash/Desktop/Debugify-Java/Debugify)
2025-07-14T23:09:41.475+05:30  INFO 49360 --- [Debugify] [  restartedMain] com.debugify.api.DebugifyApplication     : No active profile set, falling back to 1 default profile: "default"
2025-07-14T23:09:41.491+05:30  INFO 49360 --- [Debugify] [  restartedMain] .e.DevToolsPropertyDefaultsPostProcessor : Devtools property defaults active! Set 'spring.devtools.add-properties' to 'false' to disable
2025-07-14T23:09:41.491+05:30  INFO 49360 --- [Debugify] [  restartedMain] .e.DevToolsPropertyDefaultsPostProcessor : For additional web related logging consider setting the 'logging.level.web' property to 'DEBUG'
2025-07-14T23:09:41.756+05:30  INFO 49360 --- [Debugify] [  restartedMain] .s.d.r.c.RepositoryConfigurationDelegate : Multiple Spring Data modules found, entering strict repository configuration mode
2025-07-14T23:09:41.757+05:30  INFO 49360 --- [Debugify] [  restartedMain] .s.d.r.c.RepositoryConfigurationDelegate : Bootstrapping Spring Data JDBC repositories in DEFAULT mode.
2025-07-14T23:09:41.770+05:30  INFO 49360 --- [Debugify] [  restartedMain] .RepositoryConfigurationExtensionSupport : Spring Data JDBC - Could not safely identify store assignment for repository candidate interface com.debugify.api.dao.CommentDao; If you want this repository to be a JDBC repository, consider annotating your entities with one of these annotations: org.springframework.data.relational.core.mapping.Table.
2025-07-14T23:09:41.771+05:30  INFO 49360 --- [Debugify] [  restartedMain] .RepositoryConfigurationExtensionSupport : Spring Data JDBC - Could not safely identify store assignment for repository candidate interface com.debugify.api.dao.CommentLikeDao; If you want this repository to be a JDBC repository, consider annotating your entities with one of these annotations: org.springframework.data.relational.core.mapping.Table.
2025-07-14T23:09:41.771+05:30  INFO 49360 --- [Debugify] [  restartedMain] .RepositoryConfigurationExtensionSupport : Spring Data JDBC - Could not safely identify store assignment for repository candidate interface com.debugify.api.dao.PostDao; If you want this repository to be a JDBC repository, consider annotating your entities with one of these annotations: org.springframework.data.relational.core.mapping.Table.
2025-07-14T23:09:41.772+05:30  INFO 49360 --- [Debugify] [  restartedMain] .RepositoryConfigurationExtensionSupport : Spring Data JDBC - Could not safely identify store assignment for repository candidate interface com.debugify.api.dao.UserDao; If you want this repository to be a JDBC repository, consider annotating your entities with one of these annotations: org.springframework.data.relational.core.mapping.Table.
2025-07-14T23:09:41.772+05:30  INFO 49360 --- [Debugify] [  restartedMain] .s.d.r.c.RepositoryConfigurationDelegate : Finished Spring Data repository scanning in 14 ms. Found 0 JDBC repository interfaces.
2025-07-14T23:09:41.776+05:30  INFO 49360 --- [Debugify] [  restartedMain] .s.d.r.c.RepositoryConfigurationDelegate : Multiple Spring Data modules found, entering strict repository configuration mode
2025-07-14T23:09:41.777+05:30  INFO 49360 --- [Debugify] [  restartedMain] .s.d.r.c.RepositoryConfigurationDelegate : Bootstrapping Spring Data JPA repositories in DEFAULT mode.
2025-07-14T23:09:41.789+05:30  INFO 49360 --- [Debugify] [  restartedMain] .s.d.r.c.RepositoryConfigurationDelegate : Finished Spring Data repository scanning in 10 ms. Found 4 JPA repository interfaces.
2025-07-14T23:09:42.011+05:30  INFO 49360 --- [Debugify] [  restartedMain] o.s.b.w.embedded.tomcat.TomcatWebServer  : Tomcat initialized with port 8080 (http)
2025-07-14T23:09:42.017+05:30  INFO 49360 --- [Debugify] [  restartedMain] o.apache.catalina.core.StandardService   : Starting service [Tomcat]
2025-07-14T23:09:42.017+05:30  INFO 49360 --- [Debugify] [  restartedMain] o.apache.catalina.core.StandardEngine    : Starting Servlet engine: [Apache Tomcat/10.1.31]
2025-07-14T23:09:42.032+05:30  INFO 49360 --- [Debugify] [  restartedMain] o.a.c.c.C.[Tomcat].[localhost].[/]       : Initializing Spring embedded WebApplicationContext
2025-07-14T23:09:42.032+05:30  INFO 49360 --- [Debugify] [  restartedMain] w.s.c.ServletWebServerApplicationContext : Root WebApplicationContext: initialization completed in 541 ms
2025-07-14T23:09:42.091+05:30  INFO 49360 --- [Debugify] [  restartedMain] o.hibernate.jpa.internal.util.LogHelper  : HHH000204: Processing PersistenceUnitInfo [name: default]
2025-07-14T23:09:42.109+05:30  INFO 49360 --- [Debugify] [  restartedMain] org.hibernate.Version                    : HHH000412: Hibernate ORM core version 6.5.3.Final
2025-07-14T23:09:42.120+05:30  INFO 49360 --- [Debugify] [  restartedMain] o.h.c.internal.RegionFactoryInitiator    : HHH000026: Second-level cache disabled
2025-07-14T23:09:42.211+05:30  INFO 49360 --- [Debugify] [  restartedMain] o.s.o.j.p.SpringPersistenceUnitInfo      : No LoadTimeWeaver setup: ignoring JPA class transformer
2025-07-14T23:09:42.221+05:30  INFO 49360 --- [Debugify] [  restartedMain] com.zaxxer.hikari.HikariDataSource       : HikariPool-1 - Starting...
2025-07-14T23:09:42.746+05:30  INFO 49360 --- [Debugify] [  restartedMain] com.zaxxer.hikari.pool.HikariPool        : HikariPool-1 - Added connection org.postgresql.jdbc.PgConnection@43af63e5
2025-07-14T23:09:42.747+05:30  INFO 49360 --- [Debugify] [  restartedMain] com.zaxxer.hikari.HikariDataSource       : HikariPool-1 - Start completed.
2025-07-14T23:09:42.811+05:30  WARN 49360 --- [Debugify] [  restartedMain] org.hibernate.orm.deprecation            : HHH90000025: PostgreSQLDialect does not need to be specified explicitly using 'hibernate.dialect' (remove the property setting and it will be selected by default)
2025-07-14T23:09:43.264+05:30  INFO 49360 --- [Debugify] [  restartedMain] o.h.e.t.j.p.i.JtaPlatformInitiator       : HHH000489: No JTA platform available (set 'hibernate.transaction.jta.platform' to enable JTA platform integration)
Hibernate: 
    alter table if exists comments 
       alter column content set data type TEXT
Hibernate: 
    alter table if exists posts 
       alter column category set data type TEXT
Hibernate: 
    alter table if exists posts 
       alter column content set data type TEXT
Hibernate: 
    alter table if exists posts 
       alter column slug set data type TEXT
Hibernate: 
    alter table if exists posts 
       alter column title set data type TEXT
2025-07-14T23:09:44.627+05:30  INFO 49360 --- [Debugify] [  restartedMain] j.LocalContainerEntityManagerFactoryBean : Initialized JPA EntityManagerFactory for persistence unit 'default'
2025-07-14T23:09:44.802+05:30  INFO 49360 --- [Debugify] [  restartedMain] o.s.d.j.r.query.QueryEnhancerFactory     : Hibernate is in classpath; If applicable, HQL parser will be used.
2025-07-14T23:09:45.118+05:30  WARN 49360 --- [Debugify] [  restartedMain] JpaBaseConfiguration$JpaWebConfiguration : spring.jpa.open-in-view is enabled by default. Therefore, database queries may be performed during view rendering. Explicitly configure spring.jpa.open-in-view to disable this warning
2025-07-14T23:09:45.462+05:30  WARN 49360 --- [Debugify] [  restartedMain] o.s.b.d.a.OptionalLiveReloadServer       : Unable to start LiveReload server
2025-07-14T23:09:45.470+05:30  WARN 49360 --- [Debugify] [  restartedMain] ConfigServletWebServerApplicationContext : Exception encountered during context initialization - cancelling refresh attempt: org.springframework.context.ApplicationContextException: Failed to start bean 'webServerStartStop'
2025-07-14T23:09:45.471+05:30  INFO 49360 --- [Debugify] [  restartedMain] j.LocalContainerEntityManagerFactoryBean : Closing JPA EntityManagerFactory for persistence unit 'default'
2025-07-14T23:09:45.472+05:30  INFO 49360 --- [Debugify] [  restartedMain] com.zaxxer.hikari.HikariDataSource       : HikariPool-1 - Shutdown initiated...
2025-07-14T23:09:45.916+05:30  INFO 49360 --- [Debugify] [  restartedMain] com.zaxxer.hikari.HikariDataSource       : HikariPool-1 - Shutdown completed.
2025-07-14T23:09:45.925+05:30  INFO 49360 --- [Debugify] [  restartedMain] .s.b.a.l.ConditionEvaluationReportLogger : 

Error starting ApplicationContext. To display the condition evaluation report re-run your application with 'debug' enabled.
2025-07-14T23:09:45.937+05:30 ERROR 49360 --- [Debugify] [  restartedMain] o.s.b.d.LoggingFailureAnalysisReporter   : 

***************************
APPLICATION FAILED TO START
***************************

Description:

Web server failed to start. Port 8080 was already in use.

Action:

Identify and stop the process that's listening on port 8080 or configure this application to listen on another port.

[INFO] ------------------------------------------------------------------------
[INFO] BUILD SUCCESS
[INFO] ------------------------------------------------------------------------
[INFO] Total time:  5.777 s
[INFO] Finished at: 2025-07-14T23:09:45+05:30
[INFO] ------------------------------------------------------------------------
